2024-12-23T11:14:23.811Z info: Log malumotlai
2024-12-23T11:14:23.813Z error: Error malumotlar
2024-12-23T11:14:23.814Z warn: Warning malumotlar
2024-12-23T11:14:23.814Z info: Info malumotlar
2024-12-23T11:14:42.722Z info: Log malumotlai
2024-12-23T11:14:42.724Z error: Error malumotlar
2024-12-23T11:14:42.725Z warn: Warning malumotlar
2024-12-23T11:14:42.725Z info: Info malumotlar
2024-12-23T11:15:03.953Z info: Log malumotlai
2024-12-23T11:15:03.954Z error: Error malumotlar
2024-12-23T11:15:03.955Z warn: Warning malumotlar
2024-12-23T11:15:03.955Z info: Info malumotlar
2024-12-23T11:15:07.135Z info: Log malumotlai
2024-12-23T11:15:07.137Z error: Error malumotlar
2024-12-23T11:15:07.138Z warn: Warning malumotlar
2024-12-23T11:15:07.138Z info: Info malumotlar
2024-12-23T11:15:10.670Z info: Log malumotlai
2024-12-23T11:15:10.672Z error: Error malumotlar
2024-12-23T11:15:10.673Z warn: Warning malumotlar
2024-12-23T11:15:10.673Z info: Info malumotlar
2024-12-23T11:15:14.430Z info: Log malumotlai
2024-12-23T11:15:14.432Z error: Error malumotlar
2024-12-23T11:15:14.433Z warn: Warning malumotlar
2024-12-23T11:15:14.433Z info: Info malumotlar
2024-12-23T11:15:16.479Z info: Log malumotlai
2024-12-23T11:15:16.481Z error: Er<h3>Dictionary page</h3>ror malumotlar
2024-12-23T11:15:16.482Z warn: Warning malumotlar
2024-12-23T11:15:16.482Z info: Info malumotlar
2024-12-23T11:16:39.151Z info: Log malumotlai
2024-12-23T11:16:39.153Z error: Error malumotlar
2024-12-23T11:16:39.154Z warn: Warning malumotlar
2024-12-23T11:16:39.154Z info: Info malumotlar
2024-12-23T11:16:40.826Z info: Log malumotlai
2024-12-23T11:16:40.828Z error: Error malumotlar
2024-12-23T11:16:40.828Z warn: Warning malumotlar
2024-12-23T11:16:40.828Z info: Info malumotlar
2024-12-23T11:16:47.397Z info: Log malumotlai
2024-12-23T11:16:47.399Z error: Error malumotlar
2024-12-23T11:16:47.400Z warn: Warning malumotlar
2024-12-23T11:16:47.400Z info: Info malumotlar
2024-12-23T11:16:49.410Z info: Log malumotlai
2024-12-23T11:16:49.412Z error: Error malumotlar
2024-12-23T11:16:49.413Z warn: Warning malumotlar
2024-12-23T11:16:49.414Z info: Info malumotlar
2024-12-23T11:16:56.011Z info: Log malumotlai
2024-12-23T11:16:56.013Z error: Error malumotlar
2024-12-23T11:16:56.014Z warn: Warning malumotlar
2024-12-23T11:16:56.014Z info: Info malumotlar
2024-12-23T11:17:00.803Z info: Log malumotlai
2024-12-23T11:17:00.805Z error: Error malumotlar
2024-12-23T11:17:00.806Z warn: Warning malumotlar
2024-12-23T11:17:00.806Z info: Info malumotlar
2024-12-23T11:17:03.482Z info: Log malumotlai
2024-12-23T11:17:03.484Z error: Error malumotlar
2024-12-23T11:17:03.485Z warn: Warning malumotlar
2024-12-23T11:17:03.485Z info: Info malumotlar
2024-12-23T11:20:23.699Z info: Log malumotlai
2024-12-23T11:20:23.701Z error: Error malumotlar
2024-12-23T11:20:23.701Z warn: Warning malumotlar
2024-12-23T11:20:23.702Z info: Info malumotlar
2024-12-23T11:20:47.609Z info: Log malumotlai
2024-12-23T11:20:47.611Z error: Error malumotlar
2024-12-23T11:20:47.612Z warn: Warning malumotlar
2024-12-23T11:20:47.612Z info: Info malumotlar
2024-12-23T11:20:49.665Z info: Log malumotlai
2024-12-23T11:20:49.667Z error: Error malumotlar
2024-12-23T11:20:49.667Z warn: Warning malumotlar
2024-12-23T11:20:49.668Z info: Info malumotlar
2024-12-23T11:21:12.116Z info: Log malumotlai
2024-12-23T11:21:12.118Z error: Error malumotlar
2024-12-23T11:21:12.119Z warn: Warning malumotlar
2024-12-23T11:21:12.119Z info: Info malumotlar
2024-12-23T11:21:34.970Z info: Log malumotlai
2024-12-23T11:21:34.972Z error: Error malumotlar
2024-12-23T11:21:34.972Z warn: Warning malumotlar
2024-12-23T11:21:34.972Z info: Info malumotlar
2024-12-23T11:21:48.843Z info: Log malumotlai
2024-12-23T11:21:48.845Z error: Error malumotlar
2024-12-23T11:21:48.846Z warn: Warning malumotlar
2024-12-23T11:21:48.846Z info: Info malumotlar
2024-12-23T11:22:06.218Z info: Log malumotlai
2024-12-23T11:22:06.220Z error: Error malumotlar
2024-12-23T11:22:06.221Z warn: Warning malumotlar
2024-12-23T11:22:06.221Z info: Info malumotlar
2024-12-23T11:22:20.815Z info: Log malumotlai
2024-12-23T11:22:20.817Z error: Error malumotlar
2024-12-23T11:22:20.818Z warn: Warning malumotlar
2024-12-23T11:22:20.818Z info: Info malumotlar
2024-12-23T11:22:26.001Z info: Log malumotlai
2024-12-23T11:22:26.004Z error: Error malumotlar
2024-12-23T11:22:26.004Z warn: Warning malumotlar
2024-12-23T11:22:26.004Z info: Info malumotlar
2024-12-23T11:22:45.734Z info: Log malumotlai
2024-12-23T11:22:45.736Z error: Error malumotlar
2024-12-23T11:22:45.736Z warn: Warning malumotlar
2024-12-23T11:22:45.737Z info: Info malumotlar
2024-12-23T11:22:51.077Z info: Log malumotlai
2024-12-23T11:22:51.079Z error: Error malumotlar
2024-12-23T11:22:51.080Z warn: Warning malumotlar
2024-12-23T11:22:51.080Z info: Info malumotlar
2024-12-23T11:22:54.166Z info: Log malumotlai
2024-12-23T11:22:54.169Z error: Error malumotlar
2024-12-23T11:22:54.169Z warn: Warning malumotlar
2024-12-23T11:22:54.170Z info: Info malumotlar
2024-12-23T11:22:58.710Z info: Log malumotlai
2024-12-23T11:22:58.712Z error: Error malumotlar
2024-12-23T11:22:58.713Z warn: Warning malumotlar
2024-12-23T11:22:58.713Z info: Info malumotlar
2024-12-23T11:23:01.542Z info: Log malumotlai
2024-12-23T11:23:01.544Z error: Error malumotlar
2024-12-23T11:23:01.544Z warn: Warning malumotlar
2024-12-23T11:23:01.545Z info: Info malumotlar
2024-12-23T11:24:16.643Z info: Log malumotlai
2024-12-23T11:24:16.645Z error: Error malumotlar
2024-12-23T11:24:16.646Z warn: Warning malumotlar
2024-12-23T11:24:16.646Z info: Info malumotlar
2024-12-23T11:25:09.658Z info: Log malumotlai
2024-12-23T11:25:09.660Z error: Error malumotlar
2024-12-23T11:25:09.661Z warn: Warning malumotlar
2024-12-23T11:25:09.661Z info: Info malumotlar
2024-12-23T11:26:45.988Z info: Log malumotlai
2024-12-23T11:26:45.990Z error: Error malumotlar
2024-12-23T11:26:45.991Z warn: Warning malumotlar
2024-12-23T11:26:45.991Z info: Info malumotlar
2024-12-23T11:32:32.788Z info: Log malumotlai
2024-12-23T11:32:32.790Z error: Error malumotlar
2024-12-23T11:32:32.791Z warn: Warning malumotlar
2024-12-23T11:32:32.791Z info: Info malumotlar
2024-12-23T11:33:58.250Z info: Log malumotlai
2024-12-23T11:33:58.252Z error: Error malumotlar
2024-12-23T11:33:58.253Z warn: Warning malumotlar
2024-12-23T11:33:58.253Z info: Info malumotlar
2024-12-23T11:34:02.491Z info: Log malumotlai
2024-12-23T11:34:02.493Z error: Error malumotlar
2024-12-23T11:34:02.494Z warn: Warning malumotlar
2024-12-23T11:34:02.494Z info: Info malumotlar
2024-12-23T11:34:30.974Z info: Log malumotlai
2024-12-23T11:34:30.977Z error: Error malumotlar
2024-12-23T11:34:30.977Z warn: Warning malumotlar
2024-12-23T11:34:30.977Z info: Info malumotlar
2024-12-23T11:43:40.552Z info: Log malumotlai
2024-12-23T11:43:40.554Z error: Error malumotlar
2024-12-23T11:43:40.555Z warn: Warning malumotlar
2024-12-23T11:43:40.555Z info: Info malumotlar
2024-12-23T11:45:08.647Z info: Log malumotlai
2024-12-23T11:45:08.650Z error: Error malumotlar
2024-12-23T11:45:08.651Z warn: Warning malumotlar
2024-12-23T11:45:08.652Z info: Info malumotlar
2024-12-23T11:45:10.904Z info: Log malumotlai
2024-12-23T11:45:10.906Z error: Error malumotlar
2024-12-23T11:45:10.907Z warn: Warning malumotlar
2024-12-23T11:45:10.907Z info: Info malumotlar
2024-12-23T11:45:18.017Z info: Log malumotlai
2024-12-23T11:45:18.020Z error: Error malumotlar
2024-12-23T11:45:18.021Z warn: Warning malumotlar
2024-12-23T11:45:18.021Z info: Info malumotlar
2024-12-23T11:46:32.304Z info: Log malumotlai
2024-12-23T11:46:32.306Z error: Error malumotlar
2024-12-23T11:46:32.307Z warn: Warning malumotlar
2024-12-23T11:46:32.307Z info: Info malumotlar
2024-12-23T11:46:35.489Z info: Server started at: http://localhost:3003
2024-12-23T11:48:38.964Z error: E11000 duplicate key error collection: test.users index: user_email_1 dup key: { user_email: "abdulazizbekabdusodiqov@gmail.com" }
2024-12-24T10:20:53.340Z info: Server started at: http://localhost:3003
2024-12-24T10:21:16.168Z error: Failed to lookup view "/home/c5/Desktop/najot_talim/ITinfo/views/undefined" in views directory "./views"
2024-12-24T10:24:06.793Z error: Failed to lookup view "/home/c5/Desktop/najot_talim/ITinfo/views/undefined" in views directory "./views"
2024-12-24T10:25:15.505Z error: Failed to lookup view "/home/c5/Desktop/najot_talim/ITinfo/views/undefined" in views directory "./views"
2024-12-24T10:26:34.293Z error: Failed to lookup view "/home/c5/Desktop/najot_talim/ITinfo/views/undefined" in views directory "./views"
2024-12-24T10:26:34.911Z error: Failed to lookup view "/home/c5/Desktop/najot_talim/ITinfo/views/undefined" in views directory "./views"
2024-12-24T10:26:35.098Z error: Failed to lookup view "/home/c5/Desktop/najot_talim/ITinfo/views/undefined" in views directory "./views"
2024-12-24T10:26:35.274Z error: Failed to lookup view "/home/c5/Desktop/najot_talim/ITinfo/views/undefined" in views directory "./views"
2024-12-24T10:26:35.444Z error: Failed to lookup view "/home/c5/Desktop/najot_talim/ITinfo/views/undefined" in views directory "./views"
2024-12-24T10:26:35.604Z error: Failed to lookup view "/home/c5/Desktop/najot_talim/ITinfo/views/undefined" in views directory "./views"
2024-12-24T10:26:35.765Z error: Failed to lookup view "/home/c5/Desktop/najot_talim/ITinfo/views/undefined" in views directory "./views"
2024-12-24T10:26:35.938Z error: Failed to lookup view "/home/c5/Desktop/najot_talim/ITinfo/views/undefined" in views directory "./views"
2024-12-24T10:26:36.109Z error: Failed to lookup view "/home/c5/Desktop/najot_talim/ITinfo/views/undefined" in views directory "./views"
2024-12-24T10:26:36.274Z error: Failed to lookup view "/home/c5/Desktop/najot_talim/ITinfo/views/undefined" in views directory "./views"
2024-12-24T10:26:36.441Z error: Failed to lookup view "/home/c5/Desktop/najot_talim/ITinfo/views/undefined" in views directory "./views"
2024-12-24T10:26:36.596Z error: Failed to lookup view "/home/c5/Desktop/najot_talim/ITinfo/views/undefined" in views directory "./views"
2024-12-24T10:26:36.767Z error: Failed to lookup view "/home/c5/Desktop/najot_talim/ITinfo/views/undefined" in views directory "./views"
2024-12-24T10:26:36.952Z error: Failed to lookup view "/home/c5/Desktop/najot_talim/ITinfo/views/undefined" in views directory "./views"
2024-12-24T10:26:37.061Z error: Failed to lookup view "/home/c5/Desktop/najot_talim/ITinfo/views/undefined" in views directory "./views"
2024-12-24T10:27:18.016Z info: Server started at: http://localhost:3003
2024-12-24T10:27:23.136Z error: Failed to lookup view "/home/c5/Desktop/najot_talim/ITinfo/views/undefined" in views directory "./views"
2024-12-24T10:27:25.534Z error: Failed to lookup view "/home/c5/Desktop/najot_talim/ITinfo/views/undefined" in views directory "./views"
2024-12-24T10:27:33.386Z error: Failed to lookup view "/home/c5/Desktop/najot_talim/ITinfo/views/undefined" in views directory "./views"
2024-12-24T10:28:18.891Z info: Server started at: http://localhost:3003
2024-12-24T10:28:23.608Z error: Failed to lookup view "/home/c5/Desktop/najot_talim/ITinfo/views/undefined" in views directory "./views"
2024-12-24T10:29:18.007Z info: Server started at: http://localhost:3003
2024-12-24T10:29:46.276Z info: Server started at: http://localhost:3003
2024-12-24T10:29:52.640Z error: No default engine was specified and no extension was provided.
2024-12-24T10:30:15.972Z info: Server started at: http://localhost:3003
2024-12-24T10:31:15.183Z error: No default engine was specified and no extension was provided.
2024-12-24T10:34:05.853Z info: Server started at: http://localhost:3003
2024-12-24T10:34:06.073Z error: Failed to lookup view "/home/c5/Desktop/najot_talim/ITinfo/views/undefined" in views directory "./views"
2024-12-24T10:34:06.434Z error: Failed to lookup view "/home/c5/Desktop/najot_talim/ITinfo/views/undefined" in views directory "./views"
2024-12-24T10:35:10.558Z info: Server started at: http://localhost:3003
2024-12-24T10:35:17.003Z info: Server started at: http://localhost:3003
2024-12-24T10:53:00.795Z info: Server started at: http://localhost:3003
2024-12-24T10:53:05.911Z info: Server started at: http://localhost:3003
2024-12-24T10:53:19.057Z info: Server started at: http://localhost:3003
2024-12-24T10:53:24.440Z info: Server started at: http://localhost:3003
2024-12-24T10:53:30.470Z info: Server started at: http://localhost:3003
2024-12-24T10:53:47.980Z info: Server started at: http://localhost:3003
2024-12-24T10:53:53.168Z info: Server started at: http://localhost:3003
2024-12-24T11:19:51.290Z info: Server started at: http://localhost:3003
2024-12-24T11:32:38.277Z info: Server started at: http://localhost:3003
2024-12-24T11:40:57.937Z info: Server started at: http://localhost:3003
2024-12-24T11:41:02.481Z info: Server started at: http://localhost:3003
2024-12-24T11:43:46.991Z info: Server started at: http://localhost:3003
2024-12-25T03:07:23.315Z info: Server started at: http://localhost:3003
2024-12-25T03:18:49.969Z info: Server started at: http://localhost:3003
2024-12-25T04:02:31.651Z info: Server started at: http://localhost:3003
2024-12-25T04:02:44.487Z info: Server started at: http://localhost:3003
2024-12-25T05:01:10.951Z info: Server started at: http://localhost:3003
2024-12-25T05:32:49.990Z error: Topic validation failed: author_id: Path `author_id` is required., topic_title: Path `topic_title` is required., topic_text: Path `topic_text` is required.
2024-12-25T05:35:52.784Z error: Schema hasn't been registered for model "Expert".
Use mongoose.model(name, schema)
2024-12-25T05:36:50.683Z error: Schema hasn't been registered for model "Expert".
Use mongoose.model(name, schema)
2024-12-25T05:37:21.302Z error: Schema hasn't been registered for model "Expert".
Use mongoose.model(name, schema)
2024-12-25T05:37:54.582Z error: Schema hasn't been registered for model "Expert".
Use mongoose.model(name, schema)
2024-12-25T05:37:55.401Z error: Schema hasn't been registered for model "Expert".
Use mongoose.model(name, schema)
2024-12-25T05:38:52.433Z error: Schema hasn't been registered for model "Expert".
Use mongoose.model(name, schema)
2024-12-25T05:42:40.737Z info: Server started at: http://localhost:3003
2024-12-25T05:47:49.228Z info: Server started at: http://localhost:3003
2024-12-25T05:48:10.866Z info: Server started at: http://localhost:3003
2024-12-25T05:50:27.758Z error: dictValiadation is not a function
2024-12-25T05:57:16.898Z info: Server started at: http://localhost:3003
2024-12-25T05:57:20.450Z info: Server started at: http://localhost:3003
2024-12-25T05:57:25.156Z info: Server started at: http://localhost:3003
2024-12-25T05:57:29.975Z info: Server started at: http://localhost:3003
2024-12-25T05:57:39.314Z info: Server started at: http://localhost:3003
2024-12-25T07:14:39.328Z info: Server started at: http://localhost:3003
2024-12-25T07:14:43.012Z info: Server started at: http://localhost:3003
2024-12-25T07:59:00.826Z info: Server started at: http://localhost:3003
2024-12-25T09:07:51.218Z info: Server started at: http://localhost:3003
2024-12-25T09:52:57.773Z info: Server started at: http://localhost:3003
2024-12-25T10:07:22.667Z info: Server started at: http://localhost:3003
2024-12-25T10:08:04.313Z info: Server started at: http://localhost:3003
2024-12-25T10:48:17.761Z info: Server started at: http://localhost:3003
2024-12-25T11:11:58.919Z info: Server started at: http://localhost:3003
2024-12-25T11:30:32.324Z error: E11000 duplicate key error collection: test.authors index: author_nick_name_1 dup key: { author_nick_name: "Abdulazizzzzbekk" }
2024-12-25T11:30:43.415Z error: E11000 duplicate key error collection: test.authors index: author_email_1 dup key: { author_email: "abdulazizzzz@gmail.com" }
2024-12-25T11:42:13.588Z error: Unexpected token o in JSON at position 1
2024-12-25T11:45:39.196Z error: Unexpected token o in JSON at position 1
2024-12-25T11:46:22.140Z error: Unexpected token o in JSON at position 1
2024-12-25T11:46:24.385Z error: Unexpected token o in JSON at position 1
2024-12-25T11:46:27.060Z error: Unexpected token o in JSON at position 1
2024-12-25T11:46:38.258Z error: Unexpected token o in JSON at position 1    
2024-12-25T11:49:34.590Z error: E11000 duplicate key error collection: test.authors index: author_nick_name_1 dup key: { author_nick_name: "Abdulazizzzzbeeee" }
2024-12-25T11:49:42.632Z error: E11000 duplicate key error collection: test.authors index: author_email_1 dup key: { author_email: "abdulaziz@gmail.com" }
2024-12-25T11:50:51.053Z error: Unexpected token o in JSON at position 1
2024-12-26T03:04:14.827Z info: Server started at: http://localhost:3003
2024-12-26T03:12:45.872Z info: Server started at: http://localhost:3003
2024-12-26T03:13:04.997Z error: Unexpected token o in JSON at position 1
2024-12-26T03:14:23.411Z info: Server started at: http://localhost:3003
2024-12-26T03:14:28.153Z info: Server started at: http://localhost:3003
2024-12-26T03:14:46.443Z info: Server started at: http://localhost:3003
2024-12-26T03:14:55.431Z info: Server started at: http://localhost:3003
2024-12-26T03:15:00.342Z info: Server started at: http://localhost:3003
2024-12-26T03:15:15.088Z info: Server started at: http://localhost:3003
2024-12-26T03:15:26.063Z info: Server started at: http://localhost:3003
2024-12-26T03:15:31.610Z info: Server started at: http://localhost:3003
2024-12-26T03:15:59.882Z info: Server started at: http://localhost:3003
2024-12-26T03:16:43.055Z info: Server started at: http://localhost:3003
2024-12-26T03:16:52.062Z info: Server started at: http://localhost:3003
2024-12-26T03:25:26.903Z info: Server started at: http://localhost:3003
2024-12-26T03:25:43.655Z info: Server started at: http://localhost:3003
2024-12-26T03:26:13.325Z info: Server started at: http://localhost:3003
2024-12-26T03:26:24.490Z info: Server started at: http://localhost:3003
2024-12-26T03:26:48.431Z info: Server started at: http://localhost:3003
2024-12-26T03:27:00.915Z info: Server started at: http://localhost:3003
2024-12-26T03:31:02.470Z error: Unexpected token o in JSON at position 1
2024-12-26T03:32:26.421Z info: Server started at: http://localhost:3003
2024-12-26T03:32:35.542Z info: Server started at: http://localhost:3003
2024-12-26T03:34:17.789Z info: Server started at: http://localhost:3003
2024-12-26T03:34:39.811Z error: Unexpected token o in JSON at position 1
2024-12-26T03:36:39.257Z info: Server started at: http://localhost:3003
2024-12-26T03:36:52.265Z error: Author validation failed: author_nick_name: Path `author_nick_name` is invalid (qitmir#nick)., author_phone: 93-725 -26-34 - raqam no'to'g'ri
2024-12-26T03:51:41.112Z info: Server started at: http://localhost:3003
2024-12-26T03:52:20.270Z info: Server started at: http://localhost:3003
2024-12-26T04:33:26.951Z info: Server started at: http://localhost:3003
2024-12-26T04:33:34.223Z info: Server started at: http://localhost:3003
2024-12-26T05:15:20.030Z error: Cannot find module '../encodings'
Require stack:
- /home/c5/Desktop/ITinfo/node_modules/iconv-lite/lib/index.js
- /home/c5/Desktop/ITinfo/node_modules/raw-body/index.js
- /home/c5/Desktop/ITinfo/node_modules/body-parser/lib/read.js
- /home/c5/Desktop/ITinfo/node_modules/body-parser/lib/types/json.js
- /home/c5/Desktop/ITinfo/node_modules/body-parser/index.js
- /home/c5/Desktop/ITinfo/node_modules/express/lib/express.js
- /home/c5/Desktop/ITinfo/node_modules/express/index.js
- /home/c5/Desktop/ITinfo/app.js
2024-12-26T05:16:11.942Z error: Cannot find module '../encodings'
Require stack:
- /home/c5/Desktop/ITinfo/node_modules/iconv-lite/lib/index.js
- /home/c5/Desktop/ITinfo/node_modules/raw-body/index.js
- /home/c5/Desktop/ITinfo/node_modules/body-parser/lib/read.js
- /home/c5/Desktop/ITinfo/node_modules/body-parser/lib/types/json.js
- /home/c5/Desktop/ITinfo/node_modules/body-parser/index.js
- /home/c5/Desktop/ITinfo/node_modules/express/lib/express.js
- /home/c5/Desktop/ITinfo/node_modules/express/index.js
- /home/c5/Desktop/ITinfo/app.js
2024-12-26T05:18:46.126Z info: Server started at: http://localhost:3003
2024-12-26T05:18:50.883Z error: Author validation failed: author_first_name: Path `author_first_name` is required., author_last_name: Path `author_last_name` is required., author_nick_name: Path `author_nick_name` is required., author_phone:  - raqam no'to'g'ri
2024-12-26T05:20:09.366Z error: E11000 duplicate key error collection: test.authors index: author_nick_name_1 dup key: { author_nick_name: "nikkomron" }
2024-12-26T05:20:28.396Z error: E11000 duplicate key error collection: test.authors index: author_nick_name_1 dup key: { author_nick_name: "nikkomron" }
2024-12-26T05:22:49.886Z error: Author validation failed: author_nick_name: Path `author_nick_name` is invalid (qitmir#nickbek).
2024-12-26T12:46:12.429Z info: Server started at: http://localhost:3003
2024-12-26T13:03:18.966Z info: Server started at: http://localhost:3003
2024-12-26T13:03:44.780Z info: Server started at: http://localhost:3003
2024-12-26T13:05:01.408Z info: Server started at: http://localhost:3003
2024-12-26T13:07:37.964Z error: [object Object]
2024-12-26T13:07:37.981Z error: unhandledRejection: res.status is not a function
TypeError: res.status is not a function
    at errorHandler (/home/c5/Desktop/ITinfo/helpers/error_handler.js:5:14)
    at addAdmin (/home/c5/Desktop/ITinfo/controllers/admin.controller.js:75:9)
    at process.processTicksAndRejections (node:internal/process/task_queues:95:5)
2024-12-26T13:10:44.659Z info: Server started at: http://localhost:3003
2024-12-26T13:11:05.286Z info: Server started at: http://localhost:3003
2024-12-26T13:11:49.018Z info: Server started at: http://localhost:3003
2024-12-26T13:11:53.534Z error: [object Object]
2024-12-26T13:11:53.550Z error: unhandledRejection: res.status is not a function
TypeError: res.status is not a function
    at errorHandler (/home/c5/Desktop/ITinfo/helpers/error_handler.js:5:14)
    at addAdmin (/home/c5/Desktop/ITinfo/controllers/admin.controller.js:76:9)
    at process.processTicksAndRejections (node:internal/process/task_queues:95:5)
2024-12-26T13:12:07.222Z info: Server started at: http://localhost:3003
2024-12-26T13:12:15.270Z info: Server started at: http://localhost:3003
2024-12-26T13:12:23.713Z error: [object Object]
2024-12-26T13:12:23.729Z error: unhandledRejection: res.status is not a function
TypeError: res.status is not a function
    at errorHandler (/home/c5/Desktop/ITinfo/helpers/error_handler.js:5:14)
    at addAdmin (/home/c5/Desktop/ITinfo/controllers/admin.controller.js:74:9)
    at process.processTicksAndRejections (node:internal/process/task_queues:95:5)
2024-12-26T13:12:48.631Z info: Server started at: http://localhost:3003
2024-12-26T13:20:14.169Z info: Server started at: http://localhost:3003
2024-12-26T13:20:26.865Z info: Server started at: http://localhost:3003
2024-12-26T13:20:47.975Z error: [object Object]
2024-12-26T13:20:47.992Z error: unhandledRejection: res.status is not a function
TypeError: res.status is not a function
    at errorHandler (/home/c5/Desktop/ITinfo/helpers/error_handler.js:5:14)
    at addAdmin (/home/c5/Desktop/ITinfo/controllers/admin.controller.js:71:9)
    at Layer.handle [as handle_request] (/home/c5/Desktop/ITinfo/node_modules/express/lib/router/layer.js:95:5)
    at next (/home/c5/Desktop/ITinfo/node_modules/express/lib/router/route.js:149:13)
    at Route.dispatch (/home/c5/Desktop/ITinfo/node_modules/express/lib/router/route.js:119:3)
    at Layer.handle [as handle_request] (/home/c5/Desktop/ITinfo/node_modules/express/lib/router/layer.js:95:5)
    at /home/c5/Desktop/ITinfo/node_modules/express/lib/router/index.js:284:15
    at Function.process_params (/home/c5/Desktop/ITinfo/node_modules/express/lib/router/index.js:346:12)
    at next (/home/c5/Desktop/ITinfo/node_modules/express/lib/router/index.js:280:10)
    at Function.handle (/home/c5/Desktop/ITinfo/node_modules/express/lib/router/index.js:175:3)
2024-12-26T13:21:26.204Z info: Server started at: http://localhost:3003
2024-12-26T13:21:31.269Z error: email is not defined
2024-12-26T13:21:38.858Z error: email is not defined
2024-12-26T13:22:21.094Z error: email is not defined
2024-12-26T13:22:42.182Z info: Server started at: http://localhost:3003
2024-12-26T13:22:47.029Z info: Server started at: http://localhost:3003
2024-12-26T13:22:55.620Z info: Server started at: http://localhost:3003
2024-12-26T13:23:07.704Z info: Server started at: http://localhost:3003
2024-12-26T13:23:39.803Z info: Server started at: http://localhost:3003
2024-12-26T13:23:44.590Z info: Server started at: http://localhost:3003
2024-12-26T13:23:49.513Z info: Server started at: http://localhost:3003
2024-12-26T13:23:53.702Z info: Server started at: http://localhost:3003
2024-12-26T13:23:59.063Z info: Server started at: http://localhost:3003
2024-12-26T13:24:01.702Z error: email is not defined
2024-12-26T13:26:14.940Z info: Server started at: http://localhost:3003
2024-12-26T13:26:18.929Z error: admin_password is not defined
2024-12-26T13:27:13.046Z info: Server started at: http://localhost:3003
2024-12-26T13:27:16.204Z error: adminJwt.generateTokens is not a function
2024-12-26T13:27:52.664Z info: Server started at: http://localhost:3003
2024-12-26T13:29:36.969Z info: Server started at: http://localhost:3003
2024-12-26T13:29:56.808Z error: adminJwt.generateTokens is not a function
2024-12-26T16:32:40.149Z error: adminJwt.generateTokens is not a function
2024-12-26T16:34:17.328Z error: adminJwt.generateTokens is not a function
2024-12-26T16:34:33.468Z error: adminJwt.generateTokens is not a function
2024-12-26T16:36:39.857Z info: Server started at: http://localhost:3003
2024-12-26T16:36:43.170Z error: adminJwt.generateTokens is not a function
2024-12-26T16:38:23.207Z info: Server started at: http://localhost:3003
2024-12-26T16:38:46.479Z info: Server started at: http://localhost:3003
2024-12-26T16:38:56.184Z info: Server started at: http://localhost:3003
2024-12-26T16:39:39.397Z info: Server started at: http://localhost:3003
2024-12-26T16:39:51.715Z info: Server started at: http://localhost:3003
2024-12-26T16:40:24.384Z info: Server started at: http://localhost:3003
2024-12-26T16:40:37.705Z info: Server started at: http://localhost:3003
2024-12-26T16:40:53.560Z info: Server started at: http://localhost:3003
2024-12-26T16:41:03.225Z info: Server started at: http://localhost:3003
2024-12-26T16:42:07.232Z info: Server started at: http://localhost:3003
2024-12-26T16:42:22.599Z info: Server started at: http://localhost:3003
2024-12-26T16:42:26.283Z error: adminJwt.generateTokens is not a function
2024-12-26T16:43:31.597Z info: Server started at: http://localhost:3003
2024-12-26T16:43:35.526Z error: adminJwt.generateTokens is not a function
2024-12-26T16:44:10.405Z info: Server started at: http://localhost:3003
2024-12-26T16:44:13.298Z error: adminJwt.generateTokens is not a function
2024-12-26T16:44:44.623Z info: Server started at: http://localhost:3003
2024-12-26T16:44:51.496Z error: tokens is not defined
2024-12-26T16:45:40.841Z info: Server started at: http://localhost:3003
2024-12-26T16:45:53.539Z info: Server started at: http://localhost:3003
2024-12-26T16:46:00.395Z info: Server started at: http://localhost:3003
2024-12-26T16:46:38.572Z info: Server started at: http://localhost:3003
2024-12-26T16:48:09.159Z error: Cannot find module '../encodings'
Require stack:
- /home/c5/Desktop/ITinfo/node_modules/iconv-lite/lib/index.js
- /home/c5/Desktop/ITinfo/node_modules/raw-body/index.js
- /home/c5/Desktop/ITinfo/node_modules/body-parser/lib/read.js
- /home/c5/Desktop/ITinfo/node_modules/body-parser/lib/types/json.js
- /home/c5/Desktop/ITinfo/node_modules/body-parser/index.js
- /home/c5/Desktop/ITinfo/node_modules/express/lib/express.js
- /home/c5/Desktop/ITinfo/node_modules/express/index.js
- /home/c5/Desktop/ITinfo/app.js
2024-12-26T16:48:13.230Z error: Cannot find module '../encodings'
Require stack:
- /home/c5/Desktop/ITinfo/node_modules/iconv-lite/lib/index.js
- /home/c5/Desktop/ITinfo/node_modules/raw-body/index.js
- /home/c5/Desktop/ITinfo/node_modules/body-parser/lib/read.js
- /home/c5/Desktop/ITinfo/node_modules/body-parser/lib/types/json.js
- /home/c5/Desktop/ITinfo/node_modules/body-parser/index.js
- /home/c5/Desktop/ITinfo/node_modules/express/lib/express.js
- /home/c5/Desktop/ITinfo/node_modules/express/index.js
- /home/c5/Desktop/ITinfo/app.js
2024-12-26T16:48:18.178Z error: Cannot find module '../encodings'
Require stack:
- /home/c5/Desktop/ITinfo/node_modules/iconv-lite/lib/index.js
- /home/c5/Desktop/ITinfo/node_modules/raw-body/index.js
- /home/c5/Desktop/ITinfo/node_modules/body-parser/lib/read.js
- /home/c5/Desktop/ITinfo/node_modules/body-parser/lib/types/json.js
- /home/c5/Desktop/ITinfo/node_modules/body-parser/index.js
- /home/c5/Desktop/ITinfo/node_modules/express/lib/express.js
- /home/c5/Desktop/ITinfo/node_modules/express/index.js
- /home/c5/Desktop/ITinfo/app.js
2024-12-26T16:49:35.764Z error: Cannot find module '../encodings'
Require stack:
- /home/c5/Desktop/ITinfo/node_modules/iconv-lite/lib/index.js
- /home/c5/Desktop/ITinfo/node_modules/raw-body/index.js
- /home/c5/Desktop/ITinfo/node_modules/body-parser/lib/read.js
- /home/c5/Desktop/ITinfo/node_modules/body-parser/lib/types/json.js
- /home/c5/Desktop/ITinfo/node_modules/body-parser/index.js
- /home/c5/Desktop/ITinfo/node_modules/express/lib/express.js
- /home/c5/Desktop/ITinfo/node_modules/express/index.js
- /home/c5/Desktop/ITinfo/app.js
2024-12-26T16:50:37.473Z error: Cannot find module '../encodings'
Require stack:
- /home/c5/Desktop/ITinfo/node_modules/iconv-lite/lib/index.js
- /home/c5/Desktop/ITinfo/node_modules/raw-body/index.js
- /home/c5/Desktop/ITinfo/node_modules/body-parser/lib/read.js
- /home/c5/Desktop/ITinfo/node_modules/body-parser/lib/types/json.js
- /home/c5/Desktop/ITinfo/node_modules/body-parser/index.js
- /home/c5/Desktop/ITinfo/node_modules/express/lib/express.js
- /home/c5/Desktop/ITinfo/node_modules/express/index.js
- /home/c5/Desktop/ITinfo/app.js
2024-12-26T16:53:19.098Z info: Server started at: http://localhost:3003
2024-12-26T16:53:59.853Z info: Server started at: http://localhost:3003
2024-12-27T08:01:36.740Z info: Server started at: http://localhost:3003
2024-12-27T10:08:55.459Z info: Server started at: http://localhost:3003
